2012/01/17 13:09:57 [error] [php] Argument 1 passed to MyController::BindJS() must be an instance of MyViewModel, null given, called in /Yii_Example/Yii_Example/protected/components/MyController.php on line 35 and defined (/Yii_Example/Yii_Example/protected/components/MyController.php:48)
Stack trace:
#0 /Yii_Example/yii/framework/web/actions/CInlineAction.php(50): SiteController->actionIndex()
#1 /Yii_Example/yii/framework/web/CController.php(309): CInlineAction->runWithParams()
#2 /Yii_Example/yii/framework/web/CController.php(287): SiteController->runAction()
#3 /Yii_Example/yii/framework/web/CController.php(266): SiteController->runActionWithFilters()
#4 /Yii_Example/yii/framework/web/CWebApplication.php(276): SiteController->run()
#5 /Yii_Example/yii/framework/web/CWebApplication.php(135): CWebApplication->runController()
#6 /Yii_Example/yii/framework/base/CApplication.php(162): CWebApplication->processRequest()
#7 /Yii_Example/Yii_Example/index.php(13): CWebApplication->run()
REQUEST_URI=/index.php
in /Yii_Example/Yii_Example/protected/components/MyController.php (48)
in /Yii_Example/Yii_Example/protected/components/MyController.php (35)
in /Yii_Example/Yii_Example/protected/controllers/SiteController.php (32)
2012/01/17 13:22:06 [error] [php] Argument 1 passed to MyController::BindJS() must be an instance of MyViewModel, instance of SiteIndexVM given, called in /Yii_Example/Yii_Example/protected/components/MyController.php on line 35 and defined (/Yii_Example/Yii_Example/protected/components/MyController.php:48)
Stack trace:
#0 /Yii_Example/yii/framework/web/actions/CInlineAction.php(50): SiteController->actionIndex()
#1 /Yii_Example/yii/framework/web/CController.php(309): CInlineAction->runWithParams()
#2 /Yii_Example/yii/framework/web/CController.php(287): SiteController->runAction()
#3 /Yii_Example/yii/framework/web/CController.php(266): SiteController->runActionWithFilters()
#4 /Yii_Example/yii/framework/web/CWebApplication.php(276): SiteController->run()
#5 /Yii_Example/yii/framework/web/CWebApplication.php(135): CWebApplication->runController()
#6 /Yii_Example/yii/framework/base/CApplication.php(162): CWebApplication->processRequest()
#7 /Yii_Example/Yii_Example/index.php(13): CWebApplication->run()
REQUEST_URI=/index.php
in /Yii_Example/Yii_Example/protected/components/MyController.php (48)
in /Yii_Example/Yii_Example/protected/components/MyController.php (35)
in /Yii_Example/Yii_Example/protected/controllers/SiteController.php (32)
2012/01/17 13:22:08 [error] [php] Argument 1 passed to MyController::BindJS() must be an instance of MyViewModel, instance of SiteIndexVM given, called in /Yii_Example/Yii_Example/protected/components/MyController.php on line 35 and defined (/Yii_Example/Yii_Example/protected/components/MyController.php:48)
Stack trace:
#0 /Yii_Example/yii/framework/web/actions/CInlineAction.php(50): SiteController->actionIndex()
#1 /Yii_Example/yii/framework/web/CController.php(309): CInlineAction->runWithParams()
#2 /Yii_Example/yii/framework/web/CController.php(287): SiteController->runAction()
#3 /Yii_Example/yii/framework/web/CController.php(266): SiteController->runActionWithFilters()
#4 /Yii_Example/yii/framework/web/CWebApplication.php(276): SiteController->run()
#5 /Yii_Example/yii/framework/web/CWebApplication.php(135): CWebApplication->runController()
#6 /Yii_Example/yii/framework/base/CApplication.php(162): CWebApplication->processRequest()
#7 /Yii_Example/Yii_Example/index.php(13): CWebApplication->run()
REQUEST_URI=/index.php
in /Yii_Example/Yii_Example/protected/components/MyController.php (48)
in /Yii_Example/Yii_Example/protected/components/MyController.php (35)
in /Yii_Example/Yii_Example/protected/controllers/SiteController.php (32)
2012/01/23 00:45:35 [error] [exception.CException] exception 'CException' with message 'Alias "data.ar.MyFakeActiveRecord" is invalid. Make sure it points to an existing directory or file.' in /Yii_Example/yii/framework/YiiBase.php:343
Stack trace:
#0 /Yii_Example/Yii_Example/protected/models/SiteIndexVM.php(2): YiiBase::import('data.ar.MyFakeA...')
#1 /Yii_Example/yii/framework/YiiBase.php(418): include('/Yii_Example/Yi...')
#2 [internal function]: YiiBase::autoload('SiteIndexVM')
#3 /Yii_Example/Yii_Example/protected/controllers/SiteController.php(30): spl_autoload_call('SiteIndexVM')
#4 /Yii_Example/yii/framework/web/actions/CInlineAction.php(50): SiteController->actionIndex()
#5 /Yii_Example/yii/framework/web/CController.php(309): CInlineAction->runWithParams(Array)
#6 /Yii_Example/yii/framework/web/CController.php(287): CController->runAction(Object(CInlineAction))
#7 /Yii_Example/yii/framework/web/CController.php(266): CController->runActionWithFilters(Object(CInlineAction), Array)
#8 /Yii_Example/yii/framework/web/CWebApplication.php(276): CController->run('')
#9 /Yii_Example/yii/framework/web/CWebApplication.php(135): CWebApplication->runController('')
#10 /Yii_Example/yii/framework/base/CApplication.php(162): CWebApplication->processRequest()
#11 /Yii_Example/Yii_Example/index.php(13): CApplication->run()
#12 {main}
REQUEST_URI=/
---
2012/01/23 01:14:46 [error] [php] Argument 1 passed to MyController::BindJS() must be an instance of MyViewModel, null given, called in /Yii_Example/Yii_Example/protected/components/MyController.php on line 35 and defined (/Yii_Example/Yii_Example/protected/components/MyController.php:48)
Stack trace:
#0 /Yii_Example/yii/framework/web/actions/CAction.php(75): CViewAction->run()
#1 /Yii_Example/yii/framework/web/CController.php(309): CViewAction->runWithParams()
#2 /Yii_Example/yii/framework/web/CController.php(287): SiteController->runAction()
#3 /Yii_Example/yii/framework/web/CController.php(266): SiteController->runActionWithFilters()
#4 /Yii_Example/yii/framework/web/CWebApplication.php(276): SiteController->run()
#5 /Yii_Example/yii/framework/web/CWebApplication.php(135): CWebApplication->runController()
#6 /Yii_Example/yii/framework/base/CApplication.php(162): CWebApplication->processRequest()
#7 /Yii_Example/Yii_Example/index.php(13): CWebApplication->run()
REQUEST_URI=/index.php?r=site/page&view=about
in /Yii_Example/Yii_Example/protected/components/MyController.php (48)
in /Yii_Example/Yii_Example/protected/components/MyController.php (35)
in /Yii_Example/Yii_Example/index.php (13)
2012/01/23 01:15:16 [error] [php] Argument 1 passed to MyController::BindJS() must be an instance of MyViewModel, instance of ContactForm given, called in /Yii_Example/Yii_Example/protected/components/MyController.php on line 35 and defined (/Yii_Example/Yii_Example/protected/components/MyController.php:48)
Stack trace:
#0 /Yii_Example/yii/framework/web/actions/CInlineAction.php(50): SiteController->actionContact()
#1 /Yii_Example/yii/framework/web/CController.php(309): CInlineAction->runWithParams()
#2 /Yii_Example/yii/framework/web/CController.php(287): SiteController->runAction()
#3 /Yii_Example/yii/framework/web/CController.php(266): SiteController->runActionWithFilters()
#4 /Yii_Example/yii/framework/web/CWebApplication.php(276): SiteController->run()
#5 /Yii_Example/yii/framework/web/CWebApplication.php(135): CWebApplication->runController()
#6 /Yii_Example/yii/framework/base/CApplication.php(162): CWebApplication->processRequest()
#7 /Yii_Example/Yii_Example/index.php(13): CWebApplication->run()
REQUEST_URI=/index.php?r=site/contact
in /Yii_Example/Yii_Example/protected/components/MyController.php (48)
in /Yii_Example/Yii_Example/protected/components/MyController.php (35)
in /Yii_Example/Yii_Example/protected/controllers/SiteController.php (64)
2012/01/23 01:15:21 [error] [php] Argument 1 passed to MyController::BindJS() must be an instance of MyViewModel, instance of LoginForm given, called in /Yii_Example/Yii_Example/protected/components/MyController.php on line 35 and defined (/Yii_Example/Yii_Example/protected/components/MyController.php:48)
Stack trace:
#0 /Yii_Example/yii/framework/web/actions/CInlineAction.php(50): SiteController->actionLogin()
#1 /Yii_Example/yii/framework/web/CController.php(309): CInlineAction->runWithParams()
#2 /Yii_Example/yii/framework/web/CController.php(287): SiteController->runAction()
#3 /Yii_Example/yii/framework/web/CController.php(266): SiteController->runActionWithFilters()
#4 /Yii_Example/yii/framework/web/CWebApplication.php(276): SiteController->run()
#5 /Yii_Example/yii/framework/web/CWebApplication.php(135): CWebApplication->runController()
#6 /Yii_Example/yii/framework/base/CApplication.php(162): CWebApplication->processRequest()
#7 /Yii_Example/Yii_Example/index.php(13): CWebApplication->run()
REQUEST_URI=/index.php?r=site/login
in /Yii_Example/Yii_Example/protected/components/MyController.php (48)
in /Yii_Example/Yii_Example/protected/components/MyController.php (35)
in /Yii_Example/Yii_Example/protected/controllers/SiteController.php (90)
