2012/01/17 13:09:57 [error] [php] Argument 1 passed to MyController::BindJS() must be an instance of MyViewModel, null given, called in /Yii_Example/Yii_Example/protected/components/MyController.php on line 35 and defined (/Yii_Example/Yii_Example/protected/components/MyController.php:48)
Stack trace:
#0 /Yii_Example/yii/framework/web/actions/CInlineAction.php(50): SiteController->actionIndex()
#1 /Yii_Example/yii/framework/web/CController.php(309): CInlineAction->runWithParams()
#2 /Yii_Example/yii/framework/web/CController.php(287): SiteController->runAction()
#3 /Yii_Example/yii/framework/web/CController.php(266): SiteController->runActionWithFilters()
#4 /Yii_Example/yii/framework/web/CWebApplication.php(276): SiteController->run()
#5 /Yii_Example/yii/framework/web/CWebApplication.php(135): CWebApplication->runController()
#6 /Yii_Example/yii/framework/base/CApplication.php(162): CWebApplication->processRequest()
#7 /Yii_Example/Yii_Example/index.php(13): CWebApplication->run()
REQUEST_URI=/index.php
in /Yii_Example/Yii_Example/protected/components/MyController.php (48)
in /Yii_Example/Yii_Example/protected/components/MyController.php (35)
in /Yii_Example/Yii_Example/protected/controllers/SiteController.php (32)
2012/01/17 13:22:06 [error] [php] Argument 1 passed to MyController::BindJS() must be an instance of MyViewModel, instance of SiteIndexVM given, called in /Yii_Example/Yii_Example/protected/components/MyController.php on line 35 and defined (/Yii_Example/Yii_Example/protected/components/MyController.php:48)
Stack trace:
#0 /Yii_Example/yii/framework/web/actions/CInlineAction.php(50): SiteController->actionIndex()
#1 /Yii_Example/yii/framework/web/CController.php(309): CInlineAction->runWithParams()
#2 /Yii_Example/yii/framework/web/CController.php(287): SiteController->runAction()
#3 /Yii_Example/yii/framework/web/CController.php(266): SiteController->runActionWithFilters()
#4 /Yii_Example/yii/framework/web/CWebApplication.php(276): SiteController->run()
#5 /Yii_Example/yii/framework/web/CWebApplication.php(135): CWebApplication->runController()
#6 /Yii_Example/yii/framework/base/CApplication.php(162): CWebApplication->processRequest()
#7 /Yii_Example/Yii_Example/index.php(13): CWebApplication->run()
REQUEST_URI=/index.php
in /Yii_Example/Yii_Example/protected/components/MyController.php (48)
in /Yii_Example/Yii_Example/protected/components/MyController.php (35)
in /Yii_Example/Yii_Example/protected/controllers/SiteController.php (32)
2012/01/17 13:22:08 [error] [php] Argument 1 passed to MyController::BindJS() must be an instance of MyViewModel, instance of SiteIndexVM given, called in /Yii_Example/Yii_Example/protected/components/MyController.php on line 35 and defined (/Yii_Example/Yii_Example/protected/components/MyController.php:48)
Stack trace:
#0 /Yii_Example/yii/framework/web/actions/CInlineAction.php(50): SiteController->actionIndex()
#1 /Yii_Example/yii/framework/web/CController.php(309): CInlineAction->runWithParams()
#2 /Yii_Example/yii/framework/web/CController.php(287): SiteController->runAction()
#3 /Yii_Example/yii/framework/web/CController.php(266): SiteController->runActionWithFilters()
#4 /Yii_Example/yii/framework/web/CWebApplication.php(276): SiteController->run()
#5 /Yii_Example/yii/framework/web/CWebApplication.php(135): CWebApplication->runController()
#6 /Yii_Example/yii/framework/base/CApplication.php(162): CWebApplication->processRequest()
#7 /Yii_Example/Yii_Example/index.php(13): CWebApplication->run()
REQUEST_URI=/index.php
in /Yii_Example/Yii_Example/protected/components/MyController.php (48)
in /Yii_Example/Yii_Example/protected/components/MyController.php (35)
in /Yii_Example/Yii_Example/protected/controllers/SiteController.php (32)
2012/01/23 00:45:35 [error] [exception.CException] exception 'CException' with message 'Alias "data.ar.MyFakeActiveRecord" is invalid. Make sure it points to an existing directory or file.' in /Yii_Example/yii/framework/YiiBase.php:343
Stack trace:
#0 /Yii_Example/Yii_Example/protected/models/SiteIndexVM.php(2): YiiBase::import('data.ar.MyFakeA...')
#1 /Yii_Example/yii/framework/YiiBase.php(418): include('/Yii_Example/Yi...')
#2 [internal function]: YiiBase::autoload('SiteIndexVM')
#3 /Yii_Example/Yii_Example/protected/controllers/SiteController.php(30): spl_autoload_call('SiteIndexVM')
#4 /Yii_Example/yii/framework/web/actions/CInlineAction.php(50): SiteController->actionIndex()
#5 /Yii_Example/yii/framework/web/CController.php(309): CInlineAction->runWithParams(Array)
#6 /Yii_Example/yii/framework/web/CController.php(287): CController->runAction(Object(CInlineAction))
#7 /Yii_Example/yii/framework/web/CController.php(266): CController->runActionWithFilters(Object(CInlineAction), Array)
#8 /Yii_Example/yii/framework/web/CWebApplication.php(276): CController->run('')
#9 /Yii_Example/yii/framework/web/CWebApplication.php(135): CWebApplication->runController('')
#10 /Yii_Example/yii/framework/base/CApplication.php(162): CWebApplication->processRequest()
#11 /Yii_Example/Yii_Example/index.php(13): CApplication->run()
#12 {main}
REQUEST_URI=/
---
2012/01/23 01:14:46 [error] [php] Argument 1 passed to MyController::BindJS() must be an instance of MyViewModel, null given, called in /Yii_Example/Yii_Example/protected/components/MyController.php on line 35 and defined (/Yii_Example/Yii_Example/protected/components/MyController.php:48)
Stack trace:
#0 /Yii_Example/yii/framework/web/actions/CAction.php(75): CViewAction->run()
#1 /Yii_Example/yii/framework/web/CController.php(309): CViewAction->runWithParams()
#2 /Yii_Example/yii/framework/web/CController.php(287): SiteController->runAction()
#3 /Yii_Example/yii/framework/web/CController.php(266): SiteController->runActionWithFilters()
#4 /Yii_Example/yii/framework/web/CWebApplication.php(276): SiteController->run()
#5 /Yii_Example/yii/framework/web/CWebApplication.php(135): CWebApplication->runController()
#6 /Yii_Example/yii/framework/base/CApplication.php(162): CWebApplication->processRequest()
#7 /Yii_Example/Yii_Example/index.php(13): CWebApplication->run()
REQUEST_URI=/index.php?r=site/page&view=about
in /Yii_Example/Yii_Example/protected/components/MyController.php (48)
in /Yii_Example/Yii_Example/protected/components/MyController.php (35)
in /Yii_Example/Yii_Example/index.php (13)
2012/01/23 01:15:16 [error] [php] Argument 1 passed to MyController::BindJS() must be an instance of MyViewModel, instance of ContactForm given, called in /Yii_Example/Yii_Example/protected/components/MyController.php on line 35 and defined (/Yii_Example/Yii_Example/protected/components/MyController.php:48)
Stack trace:
#0 /Yii_Example/yii/framework/web/actions/CInlineAction.php(50): SiteController->actionContact()
#1 /Yii_Example/yii/framework/web/CController.php(309): CInlineAction->runWithParams()
#2 /Yii_Example/yii/framework/web/CController.php(287): SiteController->runAction()
#3 /Yii_Example/yii/framework/web/CController.php(266): SiteController->runActionWithFilters()
#4 /Yii_Example/yii/framework/web/CWebApplication.php(276): SiteController->run()
#5 /Yii_Example/yii/framework/web/CWebApplication.php(135): CWebApplication->runController()
#6 /Yii_Example/yii/framework/base/CApplication.php(162): CWebApplication->processRequest()
#7 /Yii_Example/Yii_Example/index.php(13): CWebApplication->run()
REQUEST_URI=/index.php?r=site/contact
in /Yii_Example/Yii_Example/protected/components/MyController.php (48)
in /Yii_Example/Yii_Example/protected/components/MyController.php (35)
in /Yii_Example/Yii_Example/protected/controllers/SiteController.php (64)
2012/01/23 01:15:21 [error] [php] Argument 1 passed to MyController::BindJS() must be an instance of MyViewModel, instance of LoginForm given, called in /Yii_Example/Yii_Example/protected/components/MyController.php on line 35 and defined (/Yii_Example/Yii_Example/protected/components/MyController.php:48)
Stack trace:
#0 /Yii_Example/yii/framework/web/actions/CInlineAction.php(50): SiteController->actionLogin()
#1 /Yii_Example/yii/framework/web/CController.php(309): CInlineAction->runWithParams()
#2 /Yii_Example/yii/framework/web/CController.php(287): SiteController->runAction()
#3 /Yii_Example/yii/framework/web/CController.php(266): SiteController->runActionWithFilters()
#4 /Yii_Example/yii/framework/web/CWebApplication.php(276): SiteController->run()
#5 /Yii_Example/yii/framework/web/CWebApplication.php(135): CWebApplication->runController()
#6 /Yii_Example/yii/framework/base/CApplication.php(162): CWebApplication->processRequest()
#7 /Yii_Example/Yii_Example/index.php(13): CWebApplication->run()
REQUEST_URI=/index.php?r=site/login
in /Yii_Example/Yii_Example/protected/components/MyController.php (48)
in /Yii_Example/Yii_Example/protected/components/MyController.php (35)
in /Yii_Example/Yii_Example/protected/controllers/SiteController.php (90)
2012/01/26 23:20:07 [error] [exception.CException] exception 'CException' with message 'SiteController cannot find the requested view "SiteIndex".' in /Yii_Example/yii/framework/web/CController.php:879
Stack trace:
#0 /Yii_Example/yii/framework/web/CController.php(783): CController->renderPartial('SiteIndex', Array, true)
#1 /Yii_Example/Yii_Example/protected/modules/AlternativeMVCPattern/components/MyController.php(37): CController->render('SiteIndex', Array, false)
#2 /Yii_Example/Yii_Example/protected/modules/AlternativeMVCPattern/controllers/SiteController.php(30): MyController->render('SiteIndex', Array)
#3 /Yii_Example/yii/framework/web/actions/CInlineAction.php(50): SiteController->actionIndex()
#4 /Yii_Example/yii/framework/web/CController.php(309): CInlineAction->runWithParams(Array)
#5 /Yii_Example/yii/framework/web/CController.php(287): CController->runAction(Object(CInlineAction))
#6 /Yii_Example/yii/framework/web/CController.php(266): CController->runActionWithFilters(Object(CInlineAction), Array)
#7 /Yii_Example/yii/framework/web/CWebApplication.php(276): CController->run('')
#8 /Yii_Example/yii/framework/web/CWebApplication.php(135): CWebApplication->runController('AlternativeMVCP...')
#9 /Yii_Example/yii/framework/base/CApplication.php(162): CWebApplication->processRequest()
#10 /Yii_Example/Yii_Example/index.php(13): CApplication->run()
#11 {main}
REQUEST_URI=/index.php/AlternativeMVCPattern/Site
---
2012/01/26 23:20:48 [error] [exception.CException] exception 'CException' with message 'SiteController cannot find the requested view "SiteIndex".' in /Yii_Example/yii/framework/web/CController.php:879
Stack trace:
#0 /Yii_Example/yii/framework/web/CController.php(783): CController->renderPartial('SiteIndex', Array, true)
#1 /Yii_Example/Yii_Example/protected/modules/AlternativeMVCPattern/components/MyController.php(37): CController->render('SiteIndex', Array, false)
#2 /Yii_Example/Yii_Example/protected/modules/AlternativeMVCPattern/controllers/SiteController.php(30): MyController->render('SiteIndex', Array)
#3 /Yii_Example/yii/framework/web/actions/CInlineAction.php(50): SiteController->actionIndex()
#4 /Yii_Example/yii/framework/web/CController.php(309): CInlineAction->runWithParams(Array)
#5 /Yii_Example/yii/framework/web/CController.php(287): CController->runAction(Object(CInlineAction))
#6 /Yii_Example/yii/framework/web/CController.php(266): CController->runActionWithFilters(Object(CInlineAction), Array)
#7 /Yii_Example/yii/framework/web/CWebApplication.php(276): CController->run('')
#8 /Yii_Example/yii/framework/web/CWebApplication.php(135): CWebApplication->runController('AlternativeMVCP...')
#9 /Yii_Example/yii/framework/base/CApplication.php(162): CWebApplication->processRequest()
#10 /Yii_Example/Yii_Example/index.php(13): CApplication->run()
#11 {main}
REQUEST_URI=/index.php/AlternativeMVCPattern/Site
---
2012/01/26 23:20:56 [error] [exception.CException] exception 'CException' with message 'SiteController cannot find the requested view "SiteIndex".' in /Yii_Example/yii/framework/web/CController.php:879
Stack trace:
#0 /Yii_Example/yii/framework/web/CController.php(783): CController->renderPartial('SiteIndex', Array, true)
#1 /Yii_Example/Yii_Example/protected/modules/AlternativeMVCPattern/components/MyController.php(37): CController->render('SiteIndex', Array, false)
#2 /Yii_Example/Yii_Example/protected/modules/AlternativeMVCPattern/controllers/SiteController.php(30): MyController->render('SiteIndex', Array)
#3 /Yii_Example/yii/framework/web/actions/CInlineAction.php(50): SiteController->actionIndex()
#4 /Yii_Example/yii/framework/web/CController.php(309): CInlineAction->runWithParams(Array)
#5 /Yii_Example/yii/framework/web/CController.php(287): CController->runAction(Object(CInlineAction))
#6 /Yii_Example/yii/framework/web/CController.php(266): CController->runActionWithFilters(Object(CInlineAction), Array)
#7 /Yii_Example/yii/framework/web/CWebApplication.php(276): CController->run('')
#8 /Yii_Example/yii/framework/web/CWebApplication.php(135): CWebApplication->runController('AlternativeMVCP...')
#9 /Yii_Example/yii/framework/base/CApplication.php(162): CWebApplication->processRequest()
#10 /Yii_Example/Yii_Example/index.php(13): CApplication->run()
#11 {main}
REQUEST_URI=/index.php/AlternativeMVCPattern/Site
---
2012/01/26 23:21:15 [error] [exception.CException] exception 'CException' with message 'SiteController cannot find the requested view "SiteIndex".' in /Yii_Example/yii/framework/web/CController.php:879
Stack trace:
#0 /Yii_Example/yii/framework/web/CController.php(783): CController->renderPartial('SiteIndex', Array, true)
#1 /Yii_Example/Yii_Example/protected/modules/AlternativeMVCPattern/components/MyController.php(37): CController->render('SiteIndex', Array, false)
#2 /Yii_Example/Yii_Example/protected/modules/AlternativeMVCPattern/controllers/SiteController.php(30): MyController->render('SiteIndex', Array)
#3 /Yii_Example/yii/framework/web/actions/CInlineAction.php(50): SiteController->actionIndex()
#4 /Yii_Example/yii/framework/web/CController.php(309): CInlineAction->runWithParams(Array)
#5 /Yii_Example/yii/framework/web/CController.php(287): CController->runAction(Object(CInlineAction))
#6 /Yii_Example/yii/framework/web/CController.php(266): CController->runActionWithFilters(Object(CInlineAction), Array)
#7 /Yii_Example/yii/framework/web/CWebApplication.php(276): CController->run('')
#8 /Yii_Example/yii/framework/web/CWebApplication.php(135): CWebApplication->runController('AlternativeMVCP...')
#9 /Yii_Example/yii/framework/base/CApplication.php(162): CWebApplication->processRequest()
#10 /Yii_Example/Yii_Example/index.php(13): CApplication->run()
#11 {main}
REQUEST_URI=/index.php/AlternativeMVCPattern/Site
---
2012/01/26 23:21:16 [error] [exception.CException] exception 'CException' with message 'SiteController cannot find the requested view "SiteIndex".' in /Yii_Example/yii/framework/web/CController.php:879
Stack trace:
#0 /Yii_Example/yii/framework/web/CController.php(783): CController->renderPartial('SiteIndex', Array, true)
#1 /Yii_Example/Yii_Example/protected/modules/AlternativeMVCPattern/components/MyController.php(37): CController->render('SiteIndex', Array, false)
#2 /Yii_Example/Yii_Example/protected/modules/AlternativeMVCPattern/controllers/SiteController.php(30): MyController->render('SiteIndex', Array)
#3 /Yii_Example/yii/framework/web/actions/CInlineAction.php(50): SiteController->actionIndex()
#4 /Yii_Example/yii/framework/web/CController.php(309): CInlineAction->runWithParams(Array)
#5 /Yii_Example/yii/framework/web/CController.php(287): CController->runAction(Object(CInlineAction))
#6 /Yii_Example/yii/framework/web/CController.php(266): CController->runActionWithFilters(Object(CInlineAction), Array)
#7 /Yii_Example/yii/framework/web/CWebApplication.php(276): CController->run('')
#8 /Yii_Example/yii/framework/web/CWebApplication.php(135): CWebApplication->runController('AlternativeMVCP...')
#9 /Yii_Example/yii/framework/base/CApplication.php(162): CWebApplication->processRequest()
#10 /Yii_Example/Yii_Example/index.php(13): CApplication->run()
#11 {main}
REQUEST_URI=/index.php/AlternativeMVCPattern/Site
---
2012/01/26 23:21:16 [error] [exception.CException] exception 'CException' with message 'SiteController cannot find the requested view "SiteIndex".' in /Yii_Example/yii/framework/web/CController.php:879
Stack trace:
#0 /Yii_Example/yii/framework/web/CController.php(783): CController->renderPartial('SiteIndex', Array, true)
#1 /Yii_Example/Yii_Example/protected/modules/AlternativeMVCPattern/components/MyController.php(37): CController->render('SiteIndex', Array, false)
#2 /Yii_Example/Yii_Example/protected/modules/AlternativeMVCPattern/controllers/SiteController.php(30): MyController->render('SiteIndex', Array)
#3 /Yii_Example/yii/framework/web/actions/CInlineAction.php(50): SiteController->actionIndex()
#4 /Yii_Example/yii/framework/web/CController.php(309): CInlineAction->runWithParams(Array)
#5 /Yii_Example/yii/framework/web/CController.php(287): CController->runAction(Object(CInlineAction))
#6 /Yii_Example/yii/framework/web/CController.php(266): CController->runActionWithFilters(Object(CInlineAction), Array)
#7 /Yii_Example/yii/framework/web/CWebApplication.php(276): CController->run('')
#8 /Yii_Example/yii/framework/web/CWebApplication.php(135): CWebApplication->runController('AlternativeMVCP...')
#9 /Yii_Example/yii/framework/base/CApplication.php(162): CWebApplication->processRequest()
#10 /Yii_Example/Yii_Example/index.php(13): CApplication->run()
#11 {main}
REQUEST_URI=/index.php/AlternativeMVCPattern/Site
---
2012/01/26 23:21:16 [error] [exception.CException] exception 'CException' with message 'SiteController cannot find the requested view "SiteIndex".' in /Yii_Example/yii/framework/web/CController.php:879
Stack trace:
#0 /Yii_Example/yii/framework/web/CController.php(783): CController->renderPartial('SiteIndex', Array, true)
#1 /Yii_Example/Yii_Example/protected/modules/AlternativeMVCPattern/components/MyController.php(37): CController->render('SiteIndex', Array, false)
#2 /Yii_Example/Yii_Example/protected/modules/AlternativeMVCPattern/controllers/SiteController.php(30): MyController->render('SiteIndex', Array)
#3 /Yii_Example/yii/framework/web/actions/CInlineAction.php(50): SiteController->actionIndex()
#4 /Yii_Example/yii/framework/web/CController.php(309): CInlineAction->runWithParams(Array)
#5 /Yii_Example/yii/framework/web/CController.php(287): CController->runAction(Object(CInlineAction))
#6 /Yii_Example/yii/framework/web/CController.php(266): CController->runActionWithFilters(Object(CInlineAction), Array)
#7 /Yii_Example/yii/framework/web/CWebApplication.php(276): CController->run('')
#8 /Yii_Example/yii/framework/web/CWebApplication.php(135): CWebApplication->runController('AlternativeMVCP...')
#9 /Yii_Example/yii/framework/base/CApplication.php(162): CWebApplication->processRequest()
#10 /Yii_Example/Yii_Example/index.php(13): CApplication->run()
#11 {main}
REQUEST_URI=/index.php/AlternativeMVCPattern/Site
---
2012/01/26 23:21:34 [error] [exception.CException] exception 'CException' with message 'SiteController cannot find the requested view "SiteIndex".' in /Yii_Example/yii/framework/web/CController.php:879
Stack trace:
#0 /Yii_Example/yii/framework/web/CController.php(783): CController->renderPartial('SiteIndex', Array, true)
#1 /Yii_Example/Yii_Example/protected/modules/AlternativeMVCPattern/components/MyController.php(37): CController->render('SiteIndex', Array, false)
#2 /Yii_Example/Yii_Example/protected/modules/AlternativeMVCPattern/controllers/SiteController.php(30): MyController->render('SiteIndex', Array)
#3 /Yii_Example/yii/framework/web/actions/CInlineAction.php(50): SiteController->actionIndex()
#4 /Yii_Example/yii/framework/web/CController.php(309): CInlineAction->runWithParams(Array)
#5 /Yii_Example/yii/framework/web/CController.php(287): CController->runAction(Object(CInlineAction))
#6 /Yii_Example/yii/framework/web/CController.php(266): CController->runActionWithFilters(Object(CInlineAction), Array)
#7 /Yii_Example/yii/framework/web/CWebApplication.php(276): CController->run('')
#8 /Yii_Example/yii/framework/web/CWebApplication.php(135): CWebApplication->runController('AlternativeMVCP...')
#9 /Yii_Example/yii/framework/base/CApplication.php(162): CWebApplication->processRequest()
#10 /Yii_Example/Yii_Example/index.php(13): CApplication->run()
#11 {main}
REQUEST_URI=/index.php/AlternativeMVCPattern/Site
---
2012/01/26 23:21:35 [error] [exception.CException] exception 'CException' with message 'SiteController cannot find the requested view "SiteIndex".' in /Yii_Example/yii/framework/web/CController.php:879
Stack trace:
#0 /Yii_Example/yii/framework/web/CController.php(783): CController->renderPartial('SiteIndex', Array, true)
#1 /Yii_Example/Yii_Example/protected/modules/AlternativeMVCPattern/components/MyController.php(37): CController->render('SiteIndex', Array, false)
#2 /Yii_Example/Yii_Example/protected/modules/AlternativeMVCPattern/controllers/SiteController.php(30): MyController->render('SiteIndex', Array)
#3 /Yii_Example/yii/framework/web/actions/CInlineAction.php(50): SiteController->actionIndex()
#4 /Yii_Example/yii/framework/web/CController.php(309): CInlineAction->runWithParams(Array)
#5 /Yii_Example/yii/framework/web/CController.php(287): CController->runAction(Object(CInlineAction))
#6 /Yii_Example/yii/framework/web/CController.php(266): CController->runActionWithFilters(Object(CInlineAction), Array)
#7 /Yii_Example/yii/framework/web/CWebApplication.php(276): CController->run('')
#8 /Yii_Example/yii/framework/web/CWebApplication.php(135): CWebApplication->runController('AlternativeMVCP...')
#9 /Yii_Example/yii/framework/base/CApplication.php(162): CWebApplication->processRequest()
#10 /Yii_Example/Yii_Example/index.php(13): CApplication->run()
#11 {main}
REQUEST_URI=/index.php/AlternativeMVCPattern/Site
---
2012/01/26 23:21:35 [error] [exception.CException] exception 'CException' with message 'SiteController cannot find the requested view "SiteIndex".' in /Yii_Example/yii/framework/web/CController.php:879
Stack trace:
#0 /Yii_Example/yii/framework/web/CController.php(783): CController->renderPartial('SiteIndex', Array, true)
#1 /Yii_Example/Yii_Example/protected/modules/AlternativeMVCPattern/components/MyController.php(37): CController->render('SiteIndex', Array, false)
#2 /Yii_Example/Yii_Example/protected/modules/AlternativeMVCPattern/controllers/SiteController.php(30): MyController->render('SiteIndex', Array)
#3 /Yii_Example/yii/framework/web/actions/CInlineAction.php(50): SiteController->actionIndex()
#4 /Yii_Example/yii/framework/web/CController.php(309): CInlineAction->runWithParams(Array)
#5 /Yii_Example/yii/framework/web/CController.php(287): CController->runAction(Object(CInlineAction))
#6 /Yii_Example/yii/framework/web/CController.php(266): CController->runActionWithFilters(Object(CInlineAction), Array)
#7 /Yii_Example/yii/framework/web/CWebApplication.php(276): CController->run('')
#8 /Yii_Example/yii/framework/web/CWebApplication.php(135): CWebApplication->runController('AlternativeMVCP...')
#9 /Yii_Example/yii/framework/base/CApplication.php(162): CWebApplication->processRequest()
#10 /Yii_Example/Yii_Example/index.php(13): CApplication->run()
#11 {main}
REQUEST_URI=/index.php/AlternativeMVCPattern/Site
---
2012/01/26 23:21:36 [error] [exception.CException] exception 'CException' with message 'SiteController cannot find the requested view "SiteIndex".' in /Yii_Example/yii/framework/web/CController.php:879
Stack trace:
#0 /Yii_Example/yii/framework/web/CController.php(783): CController->renderPartial('SiteIndex', Array, true)
#1 /Yii_Example/Yii_Example/protected/modules/AlternativeMVCPattern/components/MyController.php(37): CController->render('SiteIndex', Array, false)
#2 /Yii_Example/Yii_Example/protected/modules/AlternativeMVCPattern/controllers/SiteController.php(30): MyController->render('SiteIndex', Array)
#3 /Yii_Example/yii/framework/web/actions/CInlineAction.php(50): SiteController->actionIndex()
#4 /Yii_Example/yii/framework/web/CController.php(309): CInlineAction->runWithParams(Array)
#5 /Yii_Example/yii/framework/web/CController.php(287): CController->runAction(Object(CInlineAction))
#6 /Yii_Example/yii/framework/web/CController.php(266): CController->runActionWithFilters(Object(CInlineAction), Array)
#7 /Yii_Example/yii/framework/web/CWebApplication.php(276): CController->run('')
#8 /Yii_Example/yii/framework/web/CWebApplication.php(135): CWebApplication->runController('AlternativeMVCP...')
#9 /Yii_Example/yii/framework/base/CApplication.php(162): CWebApplication->processRequest()
#10 /Yii_Example/Yii_Example/index.php(13): CApplication->run()
#11 {main}
REQUEST_URI=/index.php/AlternativeMVCPattern/Site
---
2012/01/26 23:21:36 [error] [exception.CException] exception 'CException' with message 'SiteController cannot find the requested view "SiteIndex".' in /Yii_Example/yii/framework/web/CController.php:879
Stack trace:
#0 /Yii_Example/yii/framework/web/CController.php(783): CController->renderPartial('SiteIndex', Array, true)
#1 /Yii_Example/Yii_Example/protected/modules/AlternativeMVCPattern/components/MyController.php(37): CController->render('SiteIndex', Array, false)
#2 /Yii_Example/Yii_Example/protected/modules/AlternativeMVCPattern/controllers/SiteController.php(30): MyController->render('SiteIndex', Array)
#3 /Yii_Example/yii/framework/web/actions/CInlineAction.php(50): SiteController->actionIndex()
#4 /Yii_Example/yii/framework/web/CController.php(309): CInlineAction->runWithParams(Array)
#5 /Yii_Example/yii/framework/web/CController.php(287): CController->runAction(Object(CInlineAction))
#6 /Yii_Example/yii/framework/web/CController.php(266): CController->runActionWithFilters(Object(CInlineAction), Array)
#7 /Yii_Example/yii/framework/web/CWebApplication.php(276): CController->run('')
#8 /Yii_Example/yii/framework/web/CWebApplication.php(135): CWebApplication->runController('AlternativeMVCP...')
#9 /Yii_Example/yii/framework/base/CApplication.php(162): CWebApplication->processRequest()
#10 /Yii_Example/Yii_Example/index.php(13): CApplication->run()
#11 {main}
REQUEST_URI=/index.php/AlternativeMVCPattern/Site
---
2012/01/26 23:21:36 [error] [exception.CException] exception 'CException' with message 'SiteController cannot find the requested view "SiteIndex".' in /Yii_Example/yii/framework/web/CController.php:879
Stack trace:
#0 /Yii_Example/yii/framework/web/CController.php(783): CController->renderPartial('SiteIndex', Array, true)
#1 /Yii_Example/Yii_Example/protected/modules/AlternativeMVCPattern/components/MyController.php(37): CController->render('SiteIndex', Array, false)
#2 /Yii_Example/Yii_Example/protected/modules/AlternativeMVCPattern/controllers/SiteController.php(30): MyController->render('SiteIndex', Array)
#3 /Yii_Example/yii/framework/web/actions/CInlineAction.php(50): SiteController->actionIndex()
#4 /Yii_Example/yii/framework/web/CController.php(309): CInlineAction->runWithParams(Array)
#5 /Yii_Example/yii/framework/web/CController.php(287): CController->runAction(Object(CInlineAction))
#6 /Yii_Example/yii/framework/web/CController.php(266): CController->runActionWithFilters(Object(CInlineAction), Array)
#7 /Yii_Example/yii/framework/web/CWebApplication.php(276): CController->run('')
#8 /Yii_Example/yii/framework/web/CWebApplication.php(135): CWebApplication->runController('AlternativeMVCP...')
#9 /Yii_Example/yii/framework/base/CApplication.php(162): CWebApplication->processRequest()
#10 /Yii_Example/Yii_Example/index.php(13): CApplication->run()
#11 {main}
REQUEST_URI=/index.php/AlternativeMVCPattern/Site
---
2012/01/26 23:21:37 [error] [exception.CException] exception 'CException' with message 'SiteController cannot find the requested view "SiteIndex".' in /Yii_Example/yii/framework/web/CController.php:879
Stack trace:
#0 /Yii_Example/yii/framework/web/CController.php(783): CController->renderPartial('SiteIndex', Array, true)
#1 /Yii_Example/Yii_Example/protected/modules/AlternativeMVCPattern/components/MyController.php(37): CController->render('SiteIndex', Array, false)
#2 /Yii_Example/Yii_Example/protected/modules/AlternativeMVCPattern/controllers/SiteController.php(30): MyController->render('SiteIndex', Array)
#3 /Yii_Example/yii/framework/web/actions/CInlineAction.php(50): SiteController->actionIndex()
#4 /Yii_Example/yii/framework/web/CController.php(309): CInlineAction->runWithParams(Array)
#5 /Yii_Example/yii/framework/web/CController.php(287): CController->runAction(Object(CInlineAction))
#6 /Yii_Example/yii/framework/web/CController.php(266): CController->runActionWithFilters(Object(CInlineAction), Array)
#7 /Yii_Example/yii/framework/web/CWebApplication.php(276): CController->run('')
#8 /Yii_Example/yii/framework/web/CWebApplication.php(135): CWebApplication->runController('AlternativeMVCP...')
#9 /Yii_Example/yii/framework/base/CApplication.php(162): CWebApplication->processRequest()
#10 /Yii_Example/Yii_Example/index.php(13): CApplication->run()
#11 {main}
REQUEST_URI=/index.php/AlternativeMVCPattern/Site
---
2012/01/26 23:21:46 [error] [exception.CException] exception 'CException' with message 'SiteController cannot find the requested view "SiteIndex".' in /Yii_Example/yii/framework/web/CController.php:879
Stack trace:
#0 /Yii_Example/yii/framework/web/CController.php(783): CController->renderPartial('SiteIndex', Array, true)
#1 /Yii_Example/Yii_Example/protected/modules/AlternativeMVCPattern/components/MyController.php(37): CController->render('SiteIndex', Array, false)
#2 /Yii_Example/Yii_Example/protected/modules/AlternativeMVCPattern/controllers/SiteController.php(30): MyController->render('SiteIndex', Array)
#3 /Yii_Example/yii/framework/web/actions/CInlineAction.php(50): SiteController->actionIndex()
#4 /Yii_Example/yii/framework/web/CController.php(309): CInlineAction->runWithParams(Array)
#5 /Yii_Example/yii/framework/web/CController.php(287): CController->runAction(Object(CInlineAction))
#6 /Yii_Example/yii/framework/web/CController.php(266): CController->runActionWithFilters(Object(CInlineAction), Array)
#7 /Yii_Example/yii/framework/web/CWebApplication.php(276): CController->run('index')
#8 /Yii_Example/yii/framework/web/CWebApplication.php(135): CWebApplication->runController('AlternativeMVCP...')
#9 /Yii_Example/yii/framework/base/CApplication.php(162): CWebApplication->processRequest()
#10 /Yii_Example/Yii_Example/index.php(13): CApplication->run()
#11 {main}
REQUEST_URI=/index.php/AlternativeMVCPattern/Site/index
---
2012/01/26 23:22:23 [error] [exception.CException] exception 'CException' with message 'SiteController cannot find the requested view "SiteIndex".' in /Yii_Example/yii/framework/web/CController.php:879
Stack trace:
#0 /Yii_Example/yii/framework/web/CController.php(783): CController->renderPartial('SiteIndex', Array, true)
#1 /Yii_Example/Yii_Example/protected/modules/AlternativeMVCPattern/components/MyController.php(37): CController->render('SiteIndex', Array, false)
#2 /Yii_Example/Yii_Example/protected/modules/AlternativeMVCPattern/controllers/SiteController.php(30): MyController->render('SiteIndex', Array)
#3 /Yii_Example/yii/framework/web/actions/CInlineAction.php(50): SiteController->actionIndex()
#4 /Yii_Example/yii/framework/web/CController.php(309): CInlineAction->runWithParams(Array)
#5 /Yii_Example/yii/framework/web/CController.php(287): CController->runAction(Object(CInlineAction))
#6 /Yii_Example/yii/framework/web/CController.php(266): CController->runActionWithFilters(Object(CInlineAction), Array)
#7 /Yii_Example/yii/framework/web/CWebApplication.php(276): CController->run('index')
#8 /Yii_Example/yii/framework/web/CWebApplication.php(135): CWebApplication->runController('AlternativeMVCP...')
#9 /Yii_Example/yii/framework/base/CApplication.php(162): CWebApplication->processRequest()
#10 /Yii_Example/Yii_Example/index.php(13): CApplication->run()
#11 {main}
REQUEST_URI=/index.php/AlternativeMVCPattern/Site/index
---
2012/01/26 23:22:28 [error] [exception.CException] exception 'CException' with message 'SiteController cannot find the requested view "SiteIndex".' in /Yii_Example/yii/framework/web/CController.php:879
Stack trace:
#0 /Yii_Example/yii/framework/web/CController.php(783): CController->renderPartial('SiteIndex', Array, true)
#1 /Yii_Example/Yii_Example/protected/modules/AlternativeMVCPattern/components/MyController.php(37): CController->render('SiteIndex', Array, false)
#2 /Yii_Example/Yii_Example/protected/modules/AlternativeMVCPattern/controllers/SiteController.php(30): MyController->render('SiteIndex', Array)
#3 /Yii_Example/yii/framework/web/actions/CInlineAction.php(50): SiteController->actionIndex()
#4 /Yii_Example/yii/framework/web/CController.php(309): CInlineAction->runWithParams(Array)
#5 /Yii_Example/yii/framework/web/CController.php(287): CController->runAction(Object(CInlineAction))
#6 /Yii_Example/yii/framework/web/CController.php(266): CController->runActionWithFilters(Object(CInlineAction), Array)
#7 /Yii_Example/yii/framework/web/CWebApplication.php(276): CController->run('index')
#8 /Yii_Example/yii/framework/web/CWebApplication.php(135): CWebApplication->runController('AlternativeMVCP...')
#9 /Yii_Example/yii/framework/base/CApplication.php(162): CWebApplication->processRequest()
#10 /Yii_Example/Yii_Example/index.php(13): CApplication->run()
#11 {main}
REQUEST_URI=/index.php/AlternativeMVCPattern/Site/index
---
2012/01/26 23:22:30 [error] [exception.CException] exception 'CException' with message 'SiteController cannot find the requested view "SiteIndex".' in /Yii_Example/yii/framework/web/CController.php:879
Stack trace:
#0 /Yii_Example/yii/framework/web/CController.php(783): CController->renderPartial('SiteIndex', Array, true)
#1 /Yii_Example/Yii_Example/protected/modules/AlternativeMVCPattern/components/MyController.php(37): CController->render('SiteIndex', Array, false)
#2 /Yii_Example/Yii_Example/protected/modules/AlternativeMVCPattern/controllers/SiteController.php(30): MyController->render('SiteIndex', Array)
#3 /Yii_Example/yii/framework/web/actions/CInlineAction.php(50): SiteController->actionIndex()
#4 /Yii_Example/yii/framework/web/CController.php(309): CInlineAction->runWithParams(Array)
#5 /Yii_Example/yii/framework/web/CController.php(287): CController->runAction(Object(CInlineAction))
#6 /Yii_Example/yii/framework/web/CController.php(266): CController->runActionWithFilters(Object(CInlineAction), Array)
#7 /Yii_Example/yii/framework/web/CWebApplication.php(276): CController->run('')
#8 /Yii_Example/yii/framework/web/CWebApplication.php(135): CWebApplication->runController('AlternativeMVCP...')
#9 /Yii_Example/yii/framework/base/CApplication.php(162): CWebApplication->processRequest()
#10 /Yii_Example/Yii_Example/index.php(13): CApplication->run()
#11 {main}
REQUEST_URI=/index.php/AlternativeMVCPattern/Site/
---
2012/01/26 23:23:19 [error] [exception.CException] exception 'CException' with message 'SiteController cannot find the requested view "SiteIndex".' in /Yii_Example/yii/framework/web/CController.php:879
Stack trace:
#0 /Yii_Example/yii/framework/web/CController.php(783): CController->renderPartial('SiteIndex', Array, true)
#1 /Yii_Example/Yii_Example/protected/modules/AlternativeMVCPattern/components/MyController.php(37): CController->render('SiteIndex', Array, false)
#2 /Yii_Example/Yii_Example/protected/modules/AlternativeMVCPattern/controllers/SiteController.php(30): MyController->render('SiteIndex', Array)
#3 /Yii_Example/yii/framework/web/actions/CInlineAction.php(50): SiteController->actionIndex()
#4 /Yii_Example/yii/framework/web/CController.php(309): CInlineAction->runWithParams(Array)
#5 /Yii_Example/yii/framework/web/CController.php(287): CController->runAction(Object(CInlineAction))
#6 /Yii_Example/yii/framework/web/CController.php(266): CController->runActionWithFilters(Object(CInlineAction), Array)
#7 /Yii_Example/yii/framework/web/CWebApplication.php(276): CController->run('')
#8 /Yii_Example/yii/framework/web/CWebApplication.php(135): CWebApplication->runController('AlternativeMVCP...')
#9 /Yii_Example/yii/framework/base/CApplication.php(162): CWebApplication->processRequest()
#10 /Yii_Example/Yii_Example/index.php(13): CApplication->run()
#11 {main}
REQUEST_URI=/index.php/AlternativeMVCPattern/Site/
---
2012/01/26 23:23:51 [error] [exception.CException] exception 'CException' with message 'SiteController cannot find the requested view "SiteIndex".' in /Yii_Example/yii/framework/web/CController.php:879
Stack trace:
#0 /Yii_Example/yii/framework/web/CController.php(783): CController->renderPartial('SiteIndex', Array, true)
#1 /Yii_Example/Yii_Example/protected/modules/AlternativeMVCPattern/components/MyController.php(37): CController->render('SiteIndex', Array, false)
#2 /Yii_Example/Yii_Example/protected/modules/AlternativeMVCPattern/controllers/SiteController.php(30): MyController->render('SiteIndex', Array)
#3 /Yii_Example/yii/framework/web/actions/CInlineAction.php(50): SiteController->actionIndex()
#4 /Yii_Example/yii/framework/web/CController.php(309): CInlineAction->runWithParams(Array)
#5 /Yii_Example/yii/framework/web/CController.php(287): CController->runAction(Object(CInlineAction))
#6 /Yii_Example/yii/framework/web/CController.php(266): CController->runActionWithFilters(Object(CInlineAction), Array)
#7 /Yii_Example/yii/framework/web/CWebApplication.php(276): CController->run('')
#8 /Yii_Example/yii/framework/web/CWebApplication.php(135): CWebApplication->runController('AlternativeMVCP...')
#9 /Yii_Example/yii/framework/base/CApplication.php(162): CWebApplication->processRequest()
#10 /Yii_Example/Yii_Example/index.php(13): CApplication->run()
#11 {main}
REQUEST_URI=/index.php/AlternativeMVCPattern/Site/
---
2012/01/26 23:25:26 [error] [exception.CException] exception 'CException' with message 'SiteController cannot find the requested view "SiteIndex".' in /Yii_Example/yii/framework/web/CController.php:879
Stack trace:
#0 /Yii_Example/yii/framework/web/CController.php(783): CController->renderPartial('SiteIndex', Array, true)
#1 /Yii_Example/Yii_Example/protected/modules/AlternativeMVCPattern/components/MyController.php(37): CController->render('SiteIndex', Array, false)
#2 /Yii_Example/Yii_Example/protected/modules/AlternativeMVCPattern/controllers/SiteController.php(30): MyController->render('SiteIndex', Array)
#3 /Yii_Example/yii/framework/web/actions/CInlineAction.php(50): SiteController->actionIndex()
#4 /Yii_Example/yii/framework/web/CController.php(309): CInlineAction->runWithParams(Array)
#5 /Yii_Example/yii/framework/web/CController.php(287): CController->runAction(Object(CInlineAction))
#6 /Yii_Example/yii/framework/web/CController.php(266): CController->runActionWithFilters(Object(CInlineAction), Array)
#7 /Yii_Example/yii/framework/web/CWebApplication.php(276): CController->run('')
#8 /Yii_Example/yii/framework/web/CWebApplication.php(135): CWebApplication->runController('AlternativeMVCP...')
#9 /Yii_Example/yii/framework/base/CApplication.php(162): CWebApplication->processRequest()
#10 /Yii_Example/Yii_Example/index.php(13): CApplication->run()
#11 {main}
REQUEST_URI=/index.php/AlternativeMVCPattern/Site/
---
2012/01/26 23:25:28 [error] [exception.CException] exception 'CException' with message 'SiteController cannot find the requested view "SiteIndex".' in /Yii_Example/yii/framework/web/CController.php:879
Stack trace:
#0 /Yii_Example/yii/framework/web/CController.php(783): CController->renderPartial('SiteIndex', Array, true)
#1 /Yii_Example/Yii_Example/protected/modules/AlternativeMVCPattern/components/MyController.php(37): CController->render('SiteIndex', Array, false)
#2 /Yii_Example/Yii_Example/protected/modules/AlternativeMVCPattern/controllers/SiteController.php(30): MyController->render('SiteIndex', Array)
#3 /Yii_Example/yii/framework/web/actions/CInlineAction.php(50): SiteController->actionIndex()
#4 /Yii_Example/yii/framework/web/CController.php(309): CInlineAction->runWithParams(Array)
#5 /Yii_Example/yii/framework/web/CController.php(287): CController->runAction(Object(CInlineAction))
#6 /Yii_Example/yii/framework/web/CController.php(266): CController->runActionWithFilters(Object(CInlineAction), Array)
#7 /Yii_Example/yii/framework/web/CWebApplication.php(276): CController->run('')
#8 /Yii_Example/yii/framework/web/CWebApplication.php(135): CWebApplication->runController('AlternativeMVCP...')
#9 /Yii_Example/yii/framework/base/CApplication.php(162): CWebApplication->processRequest()
#10 /Yii_Example/Yii_Example/index.php(13): CApplication->run()
#11 {main}
REQUEST_URI=/index.php/AlternativeMVCPattern/Site/
---
2012/01/26 23:25:29 [error] [exception.CException] exception 'CException' with message 'SiteController cannot find the requested view "SiteIndex".' in /Yii_Example/yii/framework/web/CController.php:879
Stack trace:
#0 /Yii_Example/yii/framework/web/CController.php(783): CController->renderPartial('SiteIndex', Array, true)
#1 /Yii_Example/Yii_Example/protected/modules/AlternativeMVCPattern/components/MyController.php(37): CController->render('SiteIndex', Array, false)
#2 /Yii_Example/Yii_Example/protected/modules/AlternativeMVCPattern/controllers/SiteController.php(30): MyController->render('SiteIndex', Array)
#3 /Yii_Example/yii/framework/web/actions/CInlineAction.php(50): SiteController->actionIndex()
#4 /Yii_Example/yii/framework/web/CController.php(309): CInlineAction->runWithParams(Array)
#5 /Yii_Example/yii/framework/web/CController.php(287): CController->runAction(Object(CInlineAction))
#6 /Yii_Example/yii/framework/web/CController.php(266): CController->runActionWithFilters(Object(CInlineAction), Array)
#7 /Yii_Example/yii/framework/web/CWebApplication.php(276): CController->run('')
#8 /Yii_Example/yii/framework/web/CWebApplication.php(135): CWebApplication->runController('AlternativeMVCP...')
#9 /Yii_Example/yii/framework/base/CApplication.php(162): CWebApplication->processRequest()
#10 /Yii_Example/Yii_Example/index.php(13): CApplication->run()
#11 {main}
REQUEST_URI=/index.php/AlternativeMVCPattern/Site/
---
2012/01/26 23:25:30 [error] [exception.CException] exception 'CException' with message 'SiteController cannot find the requested view "SiteIndex".' in /Yii_Example/yii/framework/web/CController.php:879
Stack trace:
#0 /Yii_Example/yii/framework/web/CController.php(783): CController->renderPartial('SiteIndex', Array, true)
#1 /Yii_Example/Yii_Example/protected/modules/AlternativeMVCPattern/components/MyController.php(37): CController->render('SiteIndex', Array, false)
#2 /Yii_Example/Yii_Example/protected/modules/AlternativeMVCPattern/controllers/SiteController.php(30): MyController->render('SiteIndex', Array)
#3 /Yii_Example/yii/framework/web/actions/CInlineAction.php(50): SiteController->actionIndex()
#4 /Yii_Example/yii/framework/web/CController.php(309): CInlineAction->runWithParams(Array)
#5 /Yii_Example/yii/framework/web/CController.php(287): CController->runAction(Object(CInlineAction))
#6 /Yii_Example/yii/framework/web/CController.php(266): CController->runActionWithFilters(Object(CInlineAction), Array)
#7 /Yii_Example/yii/framework/web/CWebApplication.php(276): CController->run('')
#8 /Yii_Example/yii/framework/web/CWebApplication.php(135): CWebApplication->runController('AlternativeMVCP...')
#9 /Yii_Example/yii/framework/base/CApplication.php(162): CWebApplication->processRequest()
#10 /Yii_Example/Yii_Example/index.php(13): CApplication->run()
#11 {main}
REQUEST_URI=/index.php/AlternativeMVCPattern/Site/
---
2012/01/26 23:25:31 [error] [exception.CException] exception 'CException' with message 'SiteController cannot find the requested view "SiteIndex".' in /Yii_Example/yii/framework/web/CController.php:879
Stack trace:
#0 /Yii_Example/yii/framework/web/CController.php(783): CController->renderPartial('SiteIndex', Array, true)
#1 /Yii_Example/Yii_Example/protected/modules/AlternativeMVCPattern/components/MyController.php(37): CController->render('SiteIndex', Array, false)
#2 /Yii_Example/Yii_Example/protected/modules/AlternativeMVCPattern/controllers/SiteController.php(30): MyController->render('SiteIndex', Array)
#3 /Yii_Example/yii/framework/web/actions/CInlineAction.php(50): SiteController->actionIndex()
#4 /Yii_Example/yii/framework/web/CController.php(309): CInlineAction->runWithParams(Array)
#5 /Yii_Example/yii/framework/web/CController.php(287): CController->runAction(Object(CInlineAction))
#6 /Yii_Example/yii/framework/web/CController.php(266): CController->runActionWithFilters(Object(CInlineAction), Array)
#7 /Yii_Example/yii/framework/web/CWebApplication.php(276): CController->run('')
#8 /Yii_Example/yii/framework/web/CWebApplication.php(135): CWebApplication->runController('AlternativeMVCP...')
#9 /Yii_Example/yii/framework/base/CApplication.php(162): CWebApplication->processRequest()
#10 /Yii_Example/Yii_Example/index.php(13): CApplication->run()
#11 {main}
REQUEST_URI=/index.php/AlternativeMVCPattern/Site/
---
2012/01/26 23:26:01 [error] [exception.CException] exception 'CException' with message 'SiteController cannot find the requested view "SiteIndex".' in /Yii_Example/yii/framework/web/CController.php:879
Stack trace:
#0 /Yii_Example/yii/framework/web/CController.php(783): CController->renderPartial('SiteIndex', Array, true)
#1 /Yii_Example/Yii_Example/protected/modules/AlternativeMVCPattern/components/MyController.php(37): CController->render('SiteIndex', Array, false)
#2 /Yii_Example/Yii_Example/protected/modules/AlternativeMVCPattern/controllers/SiteController.php(30): MyController->render('SiteIndex', Array)
#3 /Yii_Example/yii/framework/web/actions/CInlineAction.php(50): SiteController->actionIndex()
#4 /Yii_Example/yii/framework/web/CController.php(309): CInlineAction->runWithParams(Array)
#5 /Yii_Example/yii/framework/web/CController.php(287): CController->runAction(Object(CInlineAction))
#6 /Yii_Example/yii/framework/web/CController.php(266): CController->runActionWithFilters(Object(CInlineAction), Array)
#7 /Yii_Example/yii/framework/web/CWebApplication.php(276): CController->run('')
#8 /Yii_Example/yii/framework/web/CWebApplication.php(135): CWebApplication->runController('AlternativeMVCP...')
#9 /Yii_Example/yii/framework/base/CApplication.php(162): CWebApplication->processRequest()
#10 /Yii_Example/Yii_Example/index.php(13): CApplication->run()
#11 {main}
REQUEST_URI=/index.php/AlternativeMVCPattern/Site/
---
2012/01/26 23:26:26 [error] [exception.CException] exception 'CException' with message 'SiteController cannot find the requested view "SiteIndex".' in /Yii_Example/yii/framework/web/CController.php:879
Stack trace:
#0 /Yii_Example/yii/framework/web/CController.php(783): CController->renderPartial('SiteIndex', Array, true)
#1 /Yii_Example/Yii_Example/protected/modules/AlternativeMVCPattern/components/MyController.php(37): CController->render('SiteIndex', Array, false)
#2 /Yii_Example/Yii_Example/protected/modules/AlternativeMVCPattern/controllers/SiteController.php(30): MyController->render('SiteIndex', Array)
#3 /Yii_Example/yii/framework/web/actions/CInlineAction.php(50): SiteController->actionIndex()
#4 /Yii_Example/yii/framework/web/CController.php(309): CInlineAction->runWithParams(Array)
#5 /Yii_Example/yii/framework/web/CController.php(287): CController->runAction(Object(CInlineAction))
#6 /Yii_Example/yii/framework/web/CController.php(266): CController->runActionWithFilters(Object(CInlineAction), Array)
#7 /Yii_Example/yii/framework/web/CWebApplication.php(276): CController->run('')
#8 /Yii_Example/yii/framework/web/CWebApplication.php(135): CWebApplication->runController('AlternativeMVCP...')
#9 /Yii_Example/yii/framework/base/CApplication.php(162): CWebApplication->processRequest()
#10 /Yii_Example/Yii_Example/index.php(13): CApplication->run()
#11 {main}
REQUEST_URI=/index.php/AlternativeMVCPattern/Site/
---
2012/01/26 23:29:47 [error] [exception.CException] exception 'CException' with message 'Property "SiteController._base" is not defined.' in /Yii_Example/yii/framework/base/CComponent.php:131
Stack trace:
#0 /Yii_Example/Yii_Example/protected/modules/AlternativeMVCPattern/components/MyController.php(116): CComponent->__get('_base')
#1 /Yii_Example/Yii_Example/protected/modules/AlternativeMVCPattern/components/MyController.php(60): MyController->RegisterJSDependencies('SiteIndex')
#2 /Yii_Example/Yii_Example/protected/modules/AlternativeMVCPattern/components/MyController.php(35): MyController->BindJS(Object(SiteIndexVM), 'SiteIndex')
#3 /Yii_Example/Yii_Example/protected/modules/AlternativeMVCPattern/controllers/SiteController.php(30): MyController->render('SiteIndex', Array)
#4 /Yii_Example/yii/framework/web/actions/CInlineAction.php(50): SiteController->actionIndex()
#5 /Yii_Example/yii/framework/web/CController.php(309): CInlineAction->runWithParams(Array)
#6 /Yii_Example/yii/framework/web/CController.php(287): CController->runAction(Object(CInlineAction))
#7 /Yii_Example/yii/framework/web/CController.php(266): CController->runActionWithFilters(Object(CInlineAction), Array)
#8 /Yii_Example/yii/framework/web/CWebApplication.php(276): CController->run('')
#9 /Yii_Example/yii/framework/web/CWebApplication.php(135): CWebApplication->runController('AlternativeMVCP...')
#10 /Yii_Example/yii/framework/base/CApplication.php(162): CWebApplication->processRequest()
#11 /Yii_Example/Yii_Example/index.php(13): CApplication->run()
#12 {main}
REQUEST_URI=/index.php/AlternativeMVCPattern/Site/
---
2012/01/26 23:30:02 [error] [exception.CException] exception 'CException' with message 'Property "SiteController._base" is not defined.' in /Yii_Example/yii/framework/base/CComponent.php:131
Stack trace:
#0 /Yii_Example/Yii_Example/protected/modules/AlternativeMVCPattern/components/MyController.php(116): CComponent->__get('_base')
#1 /Yii_Example/Yii_Example/protected/modules/AlternativeMVCPattern/components/MyController.php(60): MyController->RegisterJSDependencies('SiteIndex')
#2 /Yii_Example/Yii_Example/protected/modules/AlternativeMVCPattern/components/MyController.php(35): MyController->BindJS(Object(SiteIndexVM), 'SiteIndex')
#3 /Yii_Example/Yii_Example/protected/modules/AlternativeMVCPattern/controllers/SiteController.php(30): MyController->render('SiteIndex', Array)
#4 /Yii_Example/yii/framework/web/actions/CInlineAction.php(50): SiteController->actionIndex()
#5 /Yii_Example/yii/framework/web/CController.php(309): CInlineAction->runWithParams(Array)
#6 /Yii_Example/yii/framework/web/CController.php(287): CController->runAction(Object(CInlineAction))
#7 /Yii_Example/yii/framework/web/CController.php(266): CController->runActionWithFilters(Object(CInlineAction), Array)
#8 /Yii_Example/yii/framework/web/CWebApplication.php(276): CController->run('')
#9 /Yii_Example/yii/framework/web/CWebApplication.php(135): CWebApplication->runController('AlternativeMVCP...')
#10 /Yii_Example/yii/framework/base/CApplication.php(162): CWebApplication->processRequest()
#11 /Yii_Example/Yii_Example/index.php(13): CApplication->run()
#12 {main}
REQUEST_URI=/index.php/AlternativeMVCPattern/Site/
---
2012/01/26 23:30:16 [error] [exception.CException] exception 'CException' with message 'Property "SiteController._base" is not defined.' in /Yii_Example/yii/framework/base/CComponent.php:131
Stack trace:
#0 /Yii_Example/Yii_Example/protected/modules/AlternativeMVCPattern/components/MyController.php(116): CComponent->__get('_base')
#1 /Yii_Example/Yii_Example/protected/modules/AlternativeMVCPattern/components/MyController.php(60): MyController->RegisterJSDependencies('SiteIndex')
#2 /Yii_Example/Yii_Example/protected/modules/AlternativeMVCPattern/components/MyController.php(35): MyController->BindJS(Object(SiteIndexVM), 'SiteIndex')
#3 /Yii_Example/Yii_Example/protected/modules/AlternativeMVCPattern/controllers/SiteController.php(30): MyController->render('SiteIndex', Array)
#4 /Yii_Example/yii/framework/web/actions/CInlineAction.php(50): SiteController->actionIndex()
#5 /Yii_Example/yii/framework/web/CController.php(309): CInlineAction->runWithParams(Array)
#6 /Yii_Example/yii/framework/web/CController.php(287): CController->runAction(Object(CInlineAction))
#7 /Yii_Example/yii/framework/web/CController.php(266): CController->runActionWithFilters(Object(CInlineAction), Array)
#8 /Yii_Example/yii/framework/web/CWebApplication.php(276): CController->run('')
#9 /Yii_Example/yii/framework/web/CWebApplication.php(135): CWebApplication->runController('AlternativeMVCP...')
#10 /Yii_Example/yii/framework/base/CApplication.php(162): CWebApplication->processRequest()
#11 /Yii_Example/Yii_Example/index.php(13): CApplication->run()
#12 {main}
REQUEST_URI=/index.php/AlternativeMVCPattern/Site/
---
2012/01/26 23:30:17 [error] [exception.CException] exception 'CException' with message 'Property "SiteController._base" is not defined.' in /Yii_Example/yii/framework/base/CComponent.php:131
Stack trace:
#0 /Yii_Example/Yii_Example/protected/modules/AlternativeMVCPattern/components/MyController.php(116): CComponent->__get('_base')
#1 /Yii_Example/Yii_Example/protected/modules/AlternativeMVCPattern/components/MyController.php(60): MyController->RegisterJSDependencies('SiteIndex')
#2 /Yii_Example/Yii_Example/protected/modules/AlternativeMVCPattern/components/MyController.php(35): MyController->BindJS(Object(SiteIndexVM), 'SiteIndex')
#3 /Yii_Example/Yii_Example/protected/modules/AlternativeMVCPattern/controllers/SiteController.php(30): MyController->render('SiteIndex', Array)
#4 /Yii_Example/yii/framework/web/actions/CInlineAction.php(50): SiteController->actionIndex()
#5 /Yii_Example/yii/framework/web/CController.php(309): CInlineAction->runWithParams(Array)
#6 /Yii_Example/yii/framework/web/CController.php(287): CController->runAction(Object(CInlineAction))
#7 /Yii_Example/yii/framework/web/CController.php(266): CController->runActionWithFilters(Object(CInlineAction), Array)
#8 /Yii_Example/yii/framework/web/CWebApplication.php(276): CController->run('')
#9 /Yii_Example/yii/framework/web/CWebApplication.php(135): CWebApplication->runController('AlternativeMVCP...')
#10 /Yii_Example/yii/framework/base/CApplication.php(162): CWebApplication->processRequest()
#11 /Yii_Example/Yii_Example/index.php(13): CApplication->run()
#12 {main}
REQUEST_URI=/index.php/AlternativeMVCPattern/Site/
---
2012/01/26 23:33:35 [error] [php] Argument 1 passed to MyController::BindJS() must be an instance of MyViewModel, null given, called in /Yii_Example/Yii_Example/protected/components/MyController.php on line 35 and defined (/Yii_Example/Yii_Example/protected/components/MyController.php:48)
Stack trace:
#0 /Yii_Example/yii/framework/web/actions/CAction.php(75): CViewAction->run()
#1 /Yii_Example/yii/framework/web/CController.php(309): CViewAction->runWithParams()
#2 /Yii_Example/yii/framework/web/CController.php(287): SiteController->runAction()
#3 /Yii_Example/yii/framework/web/CController.php(266): SiteController->runActionWithFilters()
#4 /Yii_Example/yii/framework/web/CWebApplication.php(276): SiteController->run()
#5 /Yii_Example/yii/framework/web/CWebApplication.php(135): CWebApplication->runController()
#6 /Yii_Example/yii/framework/base/CApplication.php(162): CWebApplication->processRequest()
#7 /Yii_Example/Yii_Example/index.php(13): CWebApplication->run()
REQUEST_URI=/index.php/site/page?view=about
in /Yii_Example/Yii_Example/protected/components/MyController.php (48)
in /Yii_Example/Yii_Example/protected/components/MyController.php (35)
in /Yii_Example/Yii_Example/index.php (13)
2012/01/26 23:37:26 [error] [php] Argument 1 passed to MyController::BindJS() must be an instance of MyViewModel, null given, called in /Yii_Example/Yii_Example/protected/components/MyController.php on line 35 and defined (/Yii_Example/Yii_Example/protected/components/MyController.php:48)
Stack trace:
#0 /Yii_Example/yii/framework/web/actions/CAction.php(75): CViewAction->run()
#1 /Yii_Example/yii/framework/web/CController.php(309): CViewAction->runWithParams()
#2 /Yii_Example/yii/framework/web/CController.php(287): SiteController->runAction()
#3 /Yii_Example/yii/framework/web/CController.php(266): SiteController->runActionWithFilters()
#4 /Yii_Example/yii/framework/web/CWebApplication.php(276): SiteController->run()
#5 /Yii_Example/yii/framework/web/CWebApplication.php(135): CWebApplication->runController()
#6 /Yii_Example/yii/framework/base/CApplication.php(162): CWebApplication->processRequest()
#7 /Yii_Example/Yii_Example/index.php(13): CWebApplication->run()
REQUEST_URI=/index.php/site/page?view=about
in /Yii_Example/Yii_Example/protected/components/MyController.php (48)
in /Yii_Example/Yii_Example/protected/components/MyController.php (35)
in /Yii_Example/Yii_Example/index.php (13)
2012/01/26 23:38:06 [error] [php] Argument 1 passed to MyController::BindJS() must be an instance of MyViewModel, null given, called in /Yii_Example/Yii_Example/protected/components/MyController.php on line 35 and defined (/Yii_Example/Yii_Example/protected/components/MyController.php:48)
Stack trace:
#0 /Yii_Example/yii/framework/web/actions/CAction.php(75): CViewAction->run()
#1 /Yii_Example/yii/framework/web/CController.php(309): CViewAction->runWithParams()
#2 /Yii_Example/yii/framework/web/CController.php(287): SiteController->runAction()
#3 /Yii_Example/yii/framework/web/CController.php(266): SiteController->runActionWithFilters()
#4 /Yii_Example/yii/framework/web/CWebApplication.php(276): SiteController->run()
#5 /Yii_Example/yii/framework/web/CWebApplication.php(135): CWebApplication->runController()
#6 /Yii_Example/yii/framework/base/CApplication.php(162): CWebApplication->processRequest()
#7 /Yii_Example/Yii_Example/index.php(13): CWebApplication->run()
REQUEST_URI=/index.php/site/page?view=about
in /Yii_Example/Yii_Example/protected/components/MyController.php (48)
in /Yii_Example/Yii_Example/protected/components/MyController.php (35)
in /Yii_Example/Yii_Example/index.php (13)
2012/01/26 23:38:10 [error] [php] Argument 1 passed to MyController::BindJS() must be an instance of MyViewModel, instance of ContactForm given, called in /Yii_Example/Yii_Example/protected/components/MyController.php on line 35 and defined (/Yii_Example/Yii_Example/protected/components/MyController.php:48)
Stack trace:
#0 /Yii_Example/yii/framework/web/actions/CInlineAction.php(50): SiteController->actionContact()
#1 /Yii_Example/yii/framework/web/CController.php(309): CInlineAction->runWithParams()
#2 /Yii_Example/yii/framework/web/CController.php(287): SiteController->runAction()
#3 /Yii_Example/yii/framework/web/CController.php(266): SiteController->runActionWithFilters()
#4 /Yii_Example/yii/framework/web/CWebApplication.php(276): SiteController->run()
#5 /Yii_Example/yii/framework/web/CWebApplication.php(135): CWebApplication->runController()
#6 /Yii_Example/yii/framework/base/CApplication.php(162): CWebApplication->processRequest()
#7 /Yii_Example/Yii_Example/index.php(13): CWebApplication->run()
REQUEST_URI=/index.php/site/contact
in /Yii_Example/Yii_Example/protected/components/MyController.php (48)
in /Yii_Example/Yii_Example/protected/components/MyController.php (35)
in /Yii_Example/Yii_Example/protected/controllers/SiteController.php (64)
2012/01/27 00:01:22 [error] [php] Argument 1 passed to MyController::BindJS() must be an instance of MyViewModel, null given, called in /Yii_Example/Yii_Example/protected/components/MyController.php on line 35 and defined (/Yii_Example/Yii_Example/protected/components/MyController.php:48)
Stack trace:
#0 /Yii_Example/yii/framework/web/actions/CAction.php(75): CViewAction->run()
#1 /Yii_Example/yii/framework/web/CController.php(309): CViewAction->runWithParams()
#2 /Yii_Example/yii/framework/web/CController.php(287): SiteController->runAction()
#3 /Yii_Example/yii/framework/web/CController.php(266): SiteController->runActionWithFilters()
#4 /Yii_Example/yii/framework/web/CWebApplication.php(276): SiteController->run()
#5 /Yii_Example/yii/framework/web/CWebApplication.php(135): CWebApplication->runController()
#6 /Yii_Example/yii/framework/base/CApplication.php(162): CWebApplication->processRequest()
#7 /Yii_Example/Yii_Example/index.php(13): CWebApplication->run()
REQUEST_URI=/index.php/site/page?view=about
in /Yii_Example/Yii_Example/protected/components/MyController.php (48)
in /Yii_Example/Yii_Example/protected/components/MyController.php (35)
in /Yii_Example/Yii_Example/index.php (13)
2012/01/27 00:02:48 [error] [php] Argument 1 passed to MyController::BindJS() must be an instance of MyViewModel, null given, called in /Yii_Example/Yii_Example/protected/components/MyController.php on line 35 and defined (/Yii_Example/Yii_Example/protected/components/MyController.php:48)
Stack trace:
#0 /Yii_Example/yii/framework/web/actions/CAction.php(75): CViewAction->run()
#1 /Yii_Example/yii/framework/web/CController.php(309): CViewAction->runWithParams()
#2 /Yii_Example/yii/framework/web/CController.php(287): SiteController->runAction()
#3 /Yii_Example/yii/framework/web/CController.php(266): SiteController->runActionWithFilters()
#4 /Yii_Example/yii/framework/web/CWebApplication.php(276): SiteController->run()
#5 /Yii_Example/yii/framework/web/CWebApplication.php(135): CWebApplication->runController()
#6 /Yii_Example/yii/framework/base/CApplication.php(162): CWebApplication->processRequest()
#7 /Yii_Example/Yii_Example/index.php(13): CWebApplication->run()
REQUEST_URI=/index.php/site/page?view=about
in /Yii_Example/Yii_Example/protected/components/MyController.php (48)
in /Yii_Example/Yii_Example/protected/components/MyController.php (35)
in /Yii_Example/Yii_Example/index.php (13)
2012/01/27 00:03:53 [error] [php] Argument 1 passed to MyController::BindJS() must be an instance of MyViewModel, null given, called in /Yii_Example/Yii_Example/protected/components/MyController.php on line 35 and defined (/Yii_Example/Yii_Example/protected/components/MyController.php:48)
Stack trace:
#0 /Yii_Example/yii/framework/web/actions/CAction.php(75): CViewAction->run()
#1 /Yii_Example/yii/framework/web/CController.php(309): CViewAction->runWithParams()
#2 /Yii_Example/yii/framework/web/CController.php(287): SiteController->runAction()
#3 /Yii_Example/yii/framework/web/CController.php(266): SiteController->runActionWithFilters()
#4 /Yii_Example/yii/framework/web/CWebApplication.php(276): SiteController->run()
#5 /Yii_Example/yii/framework/web/CWebApplication.php(135): CWebApplication->runController()
#6 /Yii_Example/yii/framework/base/CApplication.php(162): CWebApplication->processRequest()
#7 /Yii_Example/Yii_Example/index.php(13): CWebApplication->run()
REQUEST_URI=/index.php/site/page?view=about
in /Yii_Example/Yii_Example/protected/components/MyController.php (48)
in /Yii_Example/Yii_Example/protected/components/MyController.php (35)
in /Yii_Example/Yii_Example/index.php (13)
2012/01/27 00:05:57 [error] [php] Argument 1 passed to MyController::BindJS() must be an instance of MyViewModel, null given, called in /Yii_Example/Yii_Example/protected/components/MyController.php on line 35 and defined (/Yii_Example/Yii_Example/protected/components/MyController.php:48)
Stack trace:
#0 /Yii_Example/yii/framework/web/actions/CAction.php(75): CViewAction->run()
#1 /Yii_Example/yii/framework/web/CController.php(309): CViewAction->runWithParams()
#2 /Yii_Example/yii/framework/web/CController.php(287): SiteController->runAction()
#3 /Yii_Example/yii/framework/web/CController.php(266): SiteController->runActionWithFilters()
#4 /Yii_Example/yii/framework/web/CWebApplication.php(276): SiteController->run()
#5 /Yii_Example/yii/framework/web/CWebApplication.php(135): CWebApplication->runController()
#6 /Yii_Example/yii/framework/base/CApplication.php(162): CWebApplication->processRequest()
#7 /Yii_Example/Yii_Example/index.php(13): CWebApplication->run()
REQUEST_URI=/index.php/site/page?view=about
in /Yii_Example/Yii_Example/protected/components/MyController.php (48)
in /Yii_Example/Yii_Example/protected/components/MyController.php (35)
in /Yii_Example/Yii_Example/index.php (13)
2012/01/27 00:09:13 [error] [php] Argument 1 passed to MyController::BindJS() must be an instance of MyViewModel, null given, called in /Yii_Example/Yii_Example/protected/components/MyController.php on line 35 and defined (/Yii_Example/Yii_Example/protected/components/MyController.php:48)
Stack trace:
#0 /Yii_Example/yii/framework/web/actions/CAction.php(75): CViewAction->run()
#1 /Yii_Example/yii/framework/web/CController.php(309): CViewAction->runWithParams()
#2 /Yii_Example/yii/framework/web/CController.php(287): SiteController->runAction()
#3 /Yii_Example/yii/framework/web/CController.php(266): SiteController->runActionWithFilters()
#4 /Yii_Example/yii/framework/web/CWebApplication.php(276): SiteController->run()
#5 /Yii_Example/yii/framework/web/CWebApplication.php(135): CWebApplication->runController()
#6 /Yii_Example/yii/framework/base/CApplication.php(162): CWebApplication->processRequest()
#7 /Yii_Example/Yii_Example/index.php(13): CWebApplication->run()
REQUEST_URI=/index.php/site/page?view=about
in /Yii_Example/Yii_Example/protected/components/MyController.php (48)
in /Yii_Example/Yii_Example/protected/components/MyController.php (35)
in /Yii_Example/Yii_Example/index.php (13)
2012/01/27 00:10:26 [error] [php] Argument 1 passed to MyController::BindJS() must be an instance of MyViewModel, instance of ContactForm given, called in /Yii_Example/Yii_Example/protected/components/MyController.php on line 35 and defined (/Yii_Example/Yii_Example/protected/components/MyController.php:48)
Stack trace:
#0 /Yii_Example/yii/framework/web/actions/CInlineAction.php(50): SiteController->actionContact()
#1 /Yii_Example/yii/framework/web/CController.php(309): CInlineAction->runWithParams()
#2 /Yii_Example/yii/framework/web/CController.php(287): SiteController->runAction()
#3 /Yii_Example/yii/framework/web/CController.php(266): SiteController->runActionWithFilters()
#4 /Yii_Example/yii/framework/web/CWebApplication.php(276): SiteController->run()
#5 /Yii_Example/yii/framework/web/CWebApplication.php(135): CWebApplication->runController()
#6 /Yii_Example/yii/framework/base/CApplication.php(162): CWebApplication->processRequest()
#7 /Yii_Example/Yii_Example/index.php(13): CWebApplication->run()
REQUEST_URI=/index.php/site/contact
in /Yii_Example/Yii_Example/protected/components/MyController.php (48)
in /Yii_Example/Yii_Example/protected/components/MyController.php (35)
in /Yii_Example/Yii_Example/protected/controllers/SiteController.php (73)
2012/01/27 00:13:47 [error] [php] Argument 1 passed to MyController::BindJS() must be an instance of MyViewModel, null given, called in /Yii_Example/Yii_Example/protected/components/MyController.php on line 37 and defined (/Yii_Example/Yii_Example/protected/components/MyController.php:54)
Stack trace:
#0 /Yii_Example/yii/framework/web/actions/CAction.php(75): CViewAction->run()
#1 /Yii_Example/yii/framework/web/CController.php(309): CViewAction->runWithParams()
#2 /Yii_Example/yii/framework/web/CController.php(287): SiteController->runAction()
#3 /Yii_Example/yii/framework/web/CController.php(266): SiteController->runActionWithFilters()
#4 /Yii_Example/yii/framework/web/CWebApplication.php(276): SiteController->run()
#5 /Yii_Example/yii/framework/web/CWebApplication.php(135): CWebApplication->runController()
#6 /Yii_Example/yii/framework/base/CApplication.php(162): CWebApplication->processRequest()
#7 /Yii_Example/Yii_Example/index.php(13): CWebApplication->run()
REQUEST_URI=/index.php/site/page?view=about
in /Yii_Example/Yii_Example/protected/components/MyController.php (54)
in /Yii_Example/Yii_Example/protected/components/MyController.php (37)
in /Yii_Example/Yii_Example/index.php (13)
2012/01/27 00:14:17 [error] [php] Argument 1 passed to MyController::BindJS() must be an instance of MyViewModel, null given, called in /Yii_Example/Yii_Example/protected/components/MyController.php on line 37 and defined (/Yii_Example/Yii_Example/protected/components/MyController.php:54)
Stack trace:
#0 /Yii_Example/yii/framework/web/actions/CAction.php(75): CViewAction->run()
#1 /Yii_Example/yii/framework/web/CController.php(309): CViewAction->runWithParams()
#2 /Yii_Example/yii/framework/web/CController.php(287): SiteController->runAction()
#3 /Yii_Example/yii/framework/web/CController.php(266): SiteController->runActionWithFilters()
#4 /Yii_Example/yii/framework/web/CWebApplication.php(276): SiteController->run()
#5 /Yii_Example/yii/framework/web/CWebApplication.php(135): CWebApplication->runController()
#6 /Yii_Example/yii/framework/base/CApplication.php(162): CWebApplication->processRequest()
#7 /Yii_Example/Yii_Example/index.php(13): CWebApplication->run()
REQUEST_URI=/index.php/site/page?view=about
in /Yii_Example/Yii_Example/protected/components/MyController.php (54)
in /Yii_Example/Yii_Example/protected/components/MyController.php (37)
in /Yii_Example/Yii_Example/index.php (13)
2012/01/27 00:15:19 [error] [php] Argument 1 passed to MyController::BindJS() must be an instance of MyViewModel, null given, called in /Yii_Example/Yii_Example/protected/components/MyController.php on line 37 and defined (/Yii_Example/Yii_Example/protected/components/MyController.php:54)
Stack trace:
#0 /Yii_Example/yii/framework/web/actions/CAction.php(75): CViewAction->run()
#1 /Yii_Example/yii/framework/web/CController.php(309): CViewAction->runWithParams()
#2 /Yii_Example/yii/framework/web/CController.php(287): SiteController->runAction()
#3 /Yii_Example/yii/framework/web/CController.php(266): SiteController->runActionWithFilters()
#4 /Yii_Example/yii/framework/web/CWebApplication.php(276): SiteController->run()
#5 /Yii_Example/yii/framework/web/CWebApplication.php(135): CWebApplication->runController()
#6 /Yii_Example/yii/framework/base/CApplication.php(162): CWebApplication->processRequest()
#7 /Yii_Example/Yii_Example/index.php(13): CWebApplication->run()
REQUEST_URI=/index.php/site/page?view=about
in /Yii_Example/Yii_Example/protected/components/MyController.php (54)
in /Yii_Example/Yii_Example/protected/components/MyController.php (37)
in /Yii_Example/Yii_Example/index.php (13)
2012/01/27 00:16:27 [error] [php] Argument 1 passed to MyController::BindJS() must be an instance of MyViewModel, instance of LoginForm given, called in /Yii_Example/Yii_Example/protected/components/MyController.php on line 37 and defined (/Yii_Example/Yii_Example/protected/components/MyController.php:54)
Stack trace:
#0 /Yii_Example/yii/framework/web/actions/CInlineAction.php(50): SiteController->actionLogin()
#1 /Yii_Example/yii/framework/web/CController.php(309): CInlineAction->runWithParams()
#2 /Yii_Example/yii/framework/web/CController.php(287): SiteController->runAction()
#3 /Yii_Example/yii/framework/web/CController.php(266): SiteController->runActionWithFilters()
#4 /Yii_Example/yii/framework/web/CWebApplication.php(276): SiteController->run()
#5 /Yii_Example/yii/framework/web/CWebApplication.php(135): CWebApplication->runController()
#6 /Yii_Example/yii/framework/base/CApplication.php(162): CWebApplication->processRequest()
#7 /Yii_Example/Yii_Example/index.php(13): CWebApplication->run()
REQUEST_URI=/index.php/site/login
in /Yii_Example/Yii_Example/protected/components/MyController.php (54)
in /Yii_Example/Yii_Example/protected/components/MyController.php (37)
in /Yii_Example/Yii_Example/protected/controllers/SiteController.php (99)
2012/01/27 00:17:46 [error] [php] Argument 1 passed to MyController::BindJS() must be an instance of MyViewModel, null given, called in /Yii_Example/Yii_Example/protected/components/MyController.php on line 37 and defined (/Yii_Example/Yii_Example/protected/components/MyController.php:54)
Stack trace:
#0 /Yii_Example/yii/framework/web/actions/CAction.php(75): CViewAction->run()
#1 /Yii_Example/yii/framework/web/CController.php(309): CViewAction->runWithParams()
#2 /Yii_Example/yii/framework/web/CController.php(287): SiteController->runAction()
#3 /Yii_Example/yii/framework/web/CController.php(266): SiteController->runActionWithFilters()
#4 /Yii_Example/yii/framework/web/CWebApplication.php(276): SiteController->run()
#5 /Yii_Example/yii/framework/web/CWebApplication.php(135): CWebApplication->runController()
#6 /Yii_Example/yii/framework/base/CApplication.php(162): CWebApplication->processRequest()
#7 /Yii_Example/Yii_Example/index.php(13): CWebApplication->run()
REQUEST_URI=/index.php/site/page?view=about
in /Yii_Example/Yii_Example/protected/components/MyController.php (54)
in /Yii_Example/Yii_Example/protected/components/MyController.php (37)
in /Yii_Example/Yii_Example/index.php (13)
2012/01/27 00:17:59 [error] [exception.CHttpException.404] exception 'CHttpException' with message 'The system is unable to find the requested action "contribute".' in /Yii_Example/yii/framework/web/CController.php:484
Stack trace:
#0 /Yii_Example/yii/framework/web/CController.php(271): CController->missingAction('contribute')
#1 /Yii_Example/yii/framework/web/CWebApplication.php(276): CController->run('contribute')
#2 /Yii_Example/yii/framework/web/CWebApplication.php(135): CWebApplication->runController('site/contribute')
#3 /Yii_Example/yii/framework/base/CApplication.php(162): CWebApplication->processRequest()
#4 /Yii_Example/Yii_Example/index.php(13): CApplication->run()
#5 {main}
REQUEST_URI=/index.php/site/contribute
HTTP_REFERER=http://localhost/index.php/site/index
---
2012/01/27 00:21:38 [error] [php] Argument 1 passed to MyController::BindJS() must be an instance of MyViewModel, null given, called in /Yii_Example/Yii_Example/protected/components/MyController.php on line 37 and defined (/Yii_Example/Yii_Example/protected/components/MyController.php:54)
Stack trace:
#0 /Yii_Example/yii/framework/web/actions/CAction.php(75): CViewAction->run()
#1 /Yii_Example/yii/framework/web/CController.php(309): CViewAction->runWithParams()
#2 /Yii_Example/yii/framework/web/CController.php(287): SiteController->runAction()
#3 /Yii_Example/yii/framework/web/CController.php(266): SiteController->runActionWithFilters()
#4 /Yii_Example/yii/framework/web/CWebApplication.php(276): SiteController->run()
#5 /Yii_Example/yii/framework/web/CWebApplication.php(135): CWebApplication->runController()
#6 /Yii_Example/yii/framework/base/CApplication.php(162): CWebApplication->processRequest()
#7 /Yii_Example/Yii_Example/index.php(13): CWebApplication->run()
REQUEST_URI=/index.php/site/page?view=about
in /Yii_Example/Yii_Example/protected/components/MyController.php (54)
in /Yii_Example/Yii_Example/protected/components/MyController.php (37)
in /Yii_Example/Yii_Example/index.php (13)
